GROUP,PACKAGE,CLASS,INSTRUCTION_MISSED,INSTRUCTION_COVERED,BRANCH_MISSED,BRANCH_COVERED,LINE_MISSED,LINE_COVERED,COMPLEXITY_MISSED,COMPLEXITY_COVERED,METHOD_MISSED,METHOD_COVERED
java-project,fr.univavignon.pokedex.api,Team,0,21,0,0,0,4,0,1,0,1
java-project,fr.univavignon.pokedex.api,PokedexException,0,4,0,0,0,2,0,1,0,1
java-project,fr.univavignon.pokedex.api,PokemonTrainer,3,18,0,0,1,7,1,3,1,3
java-project,fr.univavignon.pokedex.api,PokemonComparators,41,0,0,0,8,0,3,0,3,0
java-project,fr.univavignon.pokedex.api,PokemonMetadata,0,33,0,0,0,12,0,6,0,6
java-project,fr.univavignon.pokedex.api,Pokemon,3,35,0,0,1,11,1,5,1,5
